array_assignments.ion real 0.000707967s
array_methods.ion real 0.000614490s
arrays.ion real 0.000230625s
arrays_with_braces.ion real 0.000273186s
basic_condition.ion real 0.000169015s
braces.ion real 0.000195244s
break.ion real 0.000169389s
builtin_piping.ion real 0.000159991s
color_test.ion real 0.000157299s
command-substitutions.ion real 0.000232565s
comments.ion real 0.000241960s
conditionals.ion real 0.000297259s
continue.ion real 0.000541555s
else_if.ion real 0.000681170s
exists.ion real 0.000478833s
fail.ion real 0.000186693s
fibonacci.ion real 0.000169281s
fn.ion real 0.000196907s
for.ion real 0.000170117s
function_piping.ion real 0.000167647s
glob.ion real 0.000166657s
herestring.ion real 0.000157875s
inner_expansions.ion real 0.000154253s
let.ion real 0.000171546s
match.ion real 0.000170947s
methods.ion real 0.000166563s
multiline-arrays.ion real 0.000157506s
multiple-lines.ion real 0.000153808s
nested_conditions.ion real 0.000156380s
nested_for.ion real 0.000228605s
not.ion real 0.000862901s
pipelines.ion real 0.000316426s
run_benches.ion real 0.000433918s
scopes.ion real 0.000211059s
script_exec.ion real 0.000346293s
strings.ion real 0.000556460s
while.ion real 0.000344735s
array_assignments.ion real 0.000237393s
array_methods.ion real 0.000337806s
arrays.ion real 0.000217764s
arrays_with_braces.ion real 0.000192064s
basic_condition.ion real 0.000193875s
braces.ion real 0.000167272s
break.ion real 0.000291519s
builtin_piping.ion real 0.000261215s
color_test.ion real 0.000194242s
command-substitutions.ion real 0.000160982s
comments.ion real 0.000173632s
conditionals.ion real 0.000171690s
continue.ion real 0.000181039s
else_if.ion real 0.000171514s
exists.ion real 0.000174935s
fail.ion real 0.000212720s
fibonacci.ion real 0.000195493s
fn.ion real 0.000181608s
for.ion real 0.000182082s
function_piping.ion real 0.000163367s
glob.ion real 0.000160634s
herestring.ion real 0.000159208s
inner_expansions.ion real 0.000174614s
let.ion real 0.000166230s
match.ion real 0.000179143s
methods.ion real 0.000170653s
multiline-arrays.ion real 0.000165024s
multiple-lines.ion real 0.000160597s
nested_conditions.ion real 0.000159544s
nested_for.ion real 0.000162195s
not.ion real 0.000173877s
pipelines.ion real 0.000185679s
run_benches.ion real 0.000174290s
scopes.ion real 0.000164746s
script_exec.ion real 0.000160494s
strings.ion real 0.000157939s
while.ion real 0.000158173s
